2025-05-22 16:04:57,854 - RAGApplication - 12676 - MainThread - INFO - logger._initialize:73 - RAGLogger 'RAGApplication' initialized with config: Level=INFO, Dir=logs
2025-05-22 16:04:57,854 - RAGApplication - 12676 - MainThread - INFO - main.main:35 - RAG 应用启动...
2025-05-22 16:04:57,854 - RAGApplication - 12676 - MainThread - INFO - main.main:36 - 数据目录配置为: data
2025-05-22 16:04:57,854 - RAGApplication - 12676 - MainThread - INFO - main.main:40 - 缓存已启用，类型: sqlite, 大小: 1000
2025-05-22 16:04:57,856 - RAGApplication - 12676 - MainThread - INFO - main.main:47 - 应用主要逻辑执行完毕。
2025-05-22 16:04:57,856 - RAGApplication - 12676 - MainThread - INFO - main.main:52 - RAG 应用关闭。
2025-05-22 16:05:44,746 - RAGApplication - 19060 - MainThread - INFO - logger._initialize:73 - RAGLogger 'RAGApplication' initialized with config: Level=DEBUG, Dir=logs
2025-05-22 16:05:44,746 - RAGApplication - 19060 - MainThread - INFO - main.main:35 - RAG 应用启动...
2025-05-22 16:05:44,746 - RAGApplication - 19060 - MainThread - INFO - main.main:36 - 数据目录配置为: data
2025-05-22 16:05:44,746 - RAGApplication - 19060 - MainThread - DEBUG - main.main:37 - 这是一条调试信息，如果日志级别是INFO则不会显示在控制台和文件中。
2025-05-22 16:05:44,746 - RAGApplication - 19060 - MainThread - INFO - main.main:40 - 缓存已启用，类型: sqlite, 大小: 1000
2025-05-22 16:05:44,746 - RAGApplication - 19060 - MainThread - INFO - main.main:47 - 应用主要逻辑执行完毕。
2025-05-22 16:05:44,747 - RAGApplication - 19060 - MainThread - INFO - main.main:52 - RAG 应用关闭。
2025-05-22 16:15:15,313 - RAGApplication - 19656 - MainThread - INFO - logger._initialize:73 - RAGLogger 'RAGApplication' initialized with config: Level=DEBUG, Dir=logs
2025-05-22 16:15:15,313 - RAGApplication - 19656 - MainThread - INFO - main.main:35 - RAG 应用启动...
2025-05-22 16:15:15,313 - RAGApplication - 19656 - MainThread - INFO - main.main:36 - 数据目录配置为: data
2025-05-22 16:15:15,313 - RAGApplication - 19656 - MainThread - DEBUG - main.main:37 - 这是一条调试信息，如果日志级别是INFO则不会显示在控制台和文件中。
2025-05-22 16:15:15,314 - RAGApplication - 19656 - MainThread - INFO - main.main:40 - 缓存已启用，类型: sqlite, 大小: 1000
2025-05-22 16:15:15,314 - RAGApplication - 19656 - MainThread - INFO - main.main:47 - 应用主要逻辑执行完毕。
2025-05-22 16:15:15,314 - RAGApplication - 19656 - MainThread - INFO - main.main:52 - RAG 应用关闭。
2025-05-22 16:16:14,213 - RAGApplication - 12680 - MainThread - INFO - logger._initialize:73 - RAGLogger 'RAGApplication' initialized with config: Level=DEBUG, Dir=logs
2025-05-22 16:16:14,213 - RAGApplication - 12680 - MainThread - INFO - main.main:35 - RAG 应用启动...
2025-05-22 16:16:14,213 - RAGApplication - 12680 - MainThread - INFO - main.main:36 - 数据目录配置为: data
2025-05-22 16:16:14,213 - RAGApplication - 12680 - MainThread - DEBUG - main.main:37 - 这是一条调试信息，如果日志级别是INFO则不会显示在控制台和文件中。
2025-05-22 16:16:14,214 - RAGApplication - 12680 - MainThread - INFO - main.main:40 - 缓存已启用，类型: sqlite, 大小: 1000
2025-05-22 16:16:14,214 - RAGApplication - 12680 - MainThread - INFO - main.main:47 - 应用主要逻辑执行完毕。
2025-05-22 16:16:14,214 - RAGApplication - 12680 - MainThread - INFO - main.main:52 - RAG 应用关闭。
2025-05-22 16:16:24,732 - RAGApplication - 3512 - MainThread - INFO - logger._initialize:73 - RAGLogger 'RAGApplication' initialized with config: Level=INFO, Dir=logs
2025-05-22 16:16:24,732 - RAGApplication - 3512 - MainThread - INFO - main.main:35 - RAG 应用启动...
2025-05-22 16:16:24,732 - RAGApplication - 3512 - MainThread - INFO - main.main:36 - 数据目录配置为: data
2025-05-22 16:16:24,732 - RAGApplication - 3512 - MainThread - INFO - main.main:40 - 缓存已启用，类型: sqlite, 大小: 1000
2025-05-22 16:16:24,732 - RAGApplication - 3512 - MainThread - INFO - main.main:47 - 应用主要逻辑执行完毕。
2025-05-22 16:16:24,733 - RAGApplication - 3512 - MainThread - INFO - main.main:52 - RAG 应用关闭。
